<?xml version="1.0" encoding="UTF-8"?>
<!-- Generated by org.testng.reporters.JUnitXMLReporter -->
<testsuite ignored="0" hostname="ACER" failures="0" tests="4" name="Test" time="0.055" errors="0" timestamp="2020-04-10T19:21:15 IST">
  <testcase classname="qaclickacademy.AppiumTest" name="IOSApps" time="0.006"/>
  <testcase classname="qaclickacademy.AppiumTest" name="NativeAppAndroid" time="0.001"/>
  <testcase classname="qaclickacademy.SeleniumTest" name="BrowserAutomation" time="0.001"/>
  <testcase classname="qaclickacademy.SeleniumTest" name="elementsUI" time="0.001"/>
</testsuite> <!-- Test -->
